{"D:\\lession_my\\vue3\\source\\vue-hand-coding1\\src\\reactivity\\baseHandlers.js": {"path":"D:\\lession_my\\vue3\\source\\vue-hand-coding1\\src\\reactivity\\baseHandlers.js","statementMap":{"0":{"start":{"line":5,"column":12},"end":{"line":5,"column":26}},"1":{"start":{"line":6,"column":12},"end":{"line":6,"column":25}},"2":{"start":{"line":7,"column":12},"end":{"line":7,"column":20}},"3":{"start":{"line":8,"column":23},"end":{"line":8,"column":31}},"4":{"start":{"line":10,"column":27},"end":{"line":10,"column":45}},"5":{"start":{"line":15,"column":4},"end":{"line":37,"column":5}},"6":{"start":{"line":30,"column":20},"end":{"line":30,"column":54}},"7":{"start":{"line":32,"column":8},"end":{"line":32,"column":33}},"8":{"start":{"line":33,"column":8},"end":{"line":35,"column":9}},"9":{"start":{"line":34,"column":12},"end":{"line":34,"column":48}},"10":{"start":{"line":36,"column":8},"end":{"line":36,"column":18}},"11":{"start":{"line":41,"column":4},"end":{"line":45,"column":5}},"12":{"start":{"line":42,"column":23},"end":{"line":42,"column":64}},"13":{"start":{"line":43,"column":8},"end":{"line":43,"column":35}},"14":{"start":{"line":44,"column":8},"end":{"line":44,"column":21}},"15":{"start":{"line":48,"column":31},"end":{"line":53,"column":1}},"16":{"start":{"line":55,"column":39},"end":{"line":60,"column":1}}},"fnMap":{"0":{"name":"(anonymous_0)","decl":{"start":{"line":7,"column":12},"end":{"line":7,"column":13}},"loc":{"start":{"line":7,"column":18},"end":{"line":7,"column":20}},"line":7},"1":{"name":"(anonymous_1)","decl":{"start":{"line":8,"column":23},"end":{"line":8,"column":24}},"loc":{"start":{"line":8,"column":29},"end":{"line":8,"column":31}},"line":8},"2":{"name":"createGetter","decl":{"start":{"line":14,"column":9},"end":{"line":14,"column":21}},"loc":{"start":{"line":14,"column":39},"end":{"line":38,"column":1}},"line":14},"3":{"name":"get","decl":{"start":{"line":15,"column":20},"end":{"line":15,"column":23}},"loc":{"start":{"line":15,"column":47},"end":{"line":37,"column":5}},"line":15},"4":{"name":"craeteSeter","decl":{"start":{"line":40,"column":9},"end":{"line":40,"column":20}},"loc":{"start":{"line":40,"column":23},"end":{"line":46,"column":1}},"line":40},"5":{"name":"set","decl":{"start":{"line":41,"column":20},"end":{"line":41,"column":23}},"loc":{"start":{"line":41,"column":54},"end":{"line":45,"column":5}},"line":41}},"branchMap":{"0":{"loc":{"start":{"line":14,"column":22},"end":{"line":14,"column":37}},"type":"default-arg","locations":[{"start":{"line":14,"column":32},"end":{"line":14,"column":37}}],"line":14},"1":{"loc":{"start":{"line":33,"column":8},"end":{"line":35,"column":9}},"type":"if","locations":[{"start":{"line":33,"column":8},"end":{"line":35,"column":9}},{"start":{},"end":{}}],"line":33},"2":{"loc":{"start":{"line":34,"column":19},"end":{"line":34,"column":48}},"type":"cond-expr","locations":[{"start":{"line":34,"column":29},"end":{"line":34,"column":32}},{"start":{"line":34,"column":35},"end":{"line":34,"column":48}}],"line":34}},"s":{"0":2,"1":2,"2":2,"3":2,"4":2,"5":4,"6":21,"7":21,"8":21,"9":5,"10":16,"11":2,"12":5,"13":5,"14":5,"15":2,"16":2},"f":{"0":0,"1":0,"2":4,"3":21,"4":2,"5":5},"b":{"0":[2],"1":[5,16],"2":[2,3]},"_coverageSchema":"1a1c01bbd47fc00a2c39e90264f33305004495a9","hash":"e5b97d67b9ca1e8a3b3c536ab626dec2b6ce0f4f"}
,"D:\\lession_my\\vue3\\source\\vue-hand-coding1\\src\\reactivity\\effect.js": {"path":"D:\\lession_my\\vue3\\source\\vue-hand-coding1\\src\\reactivity\\effect.js","statementMap":{"0":{"start":{"line":1,"column":19},"end":{"line":1,"column":23}},"1":{"start":{"line":4,"column":25},"end":{"line":4,"column":38}},"2":{"start":{"line":6,"column":21},"end":{"line":14,"column":5}},"3":{"start":{"line":8,"column":8},"end":{"line":13,"column":9}},"4":{"start":{"line":9,"column":12},"end":{"line":9,"column":35}},"5":{"start":{"line":10,"column":12},"end":{"line":10,"column":23}},"6":{"start":{"line":12,"column":12},"end":{"line":12,"column":31}},"7":{"start":{"line":15,"column":4},"end":{"line":18,"column":5}},"8":{"start":{"line":17,"column":8},"end":{"line":17,"column":18}},"9":{"start":{"line":19,"column":4},"end":{"line":19,"column":42}},"10":{"start":{"line":20,"column":4},"end":{"line":20,"column":19}},"11":{"start":{"line":27,"column":18},"end":{"line":27,"column":39}},"12":{"start":{"line":28,"column":4},"end":{"line":35,"column":5}},"13":{"start":{"line":34,"column":8},"end":{"line":34,"column":52}},"14":{"start":{"line":36,"column":15},"end":{"line":36,"column":31}},"15":{"start":{"line":37,"column":4},"end":{"line":39,"column":5}},"16":{"start":{"line":38,"column":8},"end":{"line":38,"column":24}},"17":{"start":{"line":40,"column":4},"end":{"line":42,"column":5}},"18":{"start":{"line":41,"column":8},"end":{"line":41,"column":30}},"19":{"start":{"line":43,"column":4},"end":{"line":43,"column":26}},"20":{"start":{"line":48,"column":21},"end":{"line":48,"column":42}},"21":{"start":{"line":49,"column":4},"end":{"line":51,"column":5}},"22":{"start":{"line":50,"column":8},"end":{"line":50,"column":14}},"23":{"start":{"line":52,"column":17},"end":{"line":52,"column":33}},"24":{"start":{"line":53,"column":4},"end":{"line":55,"column":5}},"25":{"start":{"line":54,"column":8},"end":{"line":54,"column":14}},"26":{"start":{"line":56,"column":4},"end":{"line":58,"column":6}},"27":{"start":{"line":57,"column":8},"end":{"line":57,"column":18}}},"fnMap":{"0":{"name":"effect","decl":{"start":{"line":5,"column":16},"end":{"line":5,"column":22}},"loc":{"start":{"line":5,"column":41},"end":{"line":21,"column":1}},"line":5},"1":{"name":"(anonymous_1)","decl":{"start":{"line":6,"column":21},"end":{"line":6,"column":22}},"loc":{"start":{"line":6,"column":27},"end":{"line":14,"column":5}},"line":6},"2":{"name":"track","decl":{"start":{"line":23,"column":16},"end":{"line":23,"column":21}},"loc":{"start":{"line":23,"column":41},"end":{"line":44,"column":1}},"line":23},"3":{"name":"trigger","decl":{"start":{"line":46,"column":16},"end":{"line":46,"column":23}},"loc":{"start":{"line":46,"column":43},"end":{"line":59,"column":1}},"line":46},"4":{"name":"(anonymous_4)","decl":{"start":{"line":56,"column":17},"end":{"line":56,"column":18}},"loc":{"start":{"line":56,"column":31},"end":{"line":58,"column":5}},"line":56}},"branchMap":{"0":{"loc":{"start":{"line":5,"column":27},"end":{"line":5,"column":39}},"type":"default-arg","locations":[{"start":{"line":5,"column":37},"end":{"line":5,"column":39}}],"line":5},"1":{"loc":{"start":{"line":15,"column":4},"end":{"line":18,"column":5}},"type":"if","locations":[{"start":{"line":15,"column":4},"end":{"line":18,"column":5}},{"start":{},"end":{}}],"line":15},"2":{"loc":{"start":{"line":28,"column":4},"end":{"line":35,"column":5}},"type":"if","locations":[{"start":{"line":28,"column":4},"end":{"line":35,"column":5}},{"start":{},"end":{}}],"line":28},"3":{"loc":{"start":{"line":37,"column":4},"end":{"line":39,"column":5}},"type":"if","locations":[{"start":{"line":37,"column":4},"end":{"line":39,"column":5}},{"start":{},"end":{}}],"line":37},"4":{"loc":{"start":{"line":40,"column":4},"end":{"line":42,"column":5}},"type":"if","locations":[{"start":{"line":40,"column":4},"end":{"line":42,"column":5}},{"start":{},"end":{}}],"line":40},"5":{"loc":{"start":{"line":40,"column":8},"end":{"line":40,"column":47}},"type":"binary-expr","locations":[{"start":{"line":40,"column":8},"end":{"line":40,"column":31}},{"start":{"line":40,"column":35},"end":{"line":40,"column":47}}],"line":40},"6":{"loc":{"start":{"line":49,"column":4},"end":{"line":51,"column":5}},"type":"if","locations":[{"start":{"line":49,"column":4},"end":{"line":51,"column":5}},{"start":{},"end":{}}],"line":49},"7":{"loc":{"start":{"line":53,"column":4},"end":{"line":55,"column":5}},"type":"if","locations":[{"start":{"line":53,"column":4},"end":{"line":55,"column":5}},{"start":{},"end":{}}],"line":53}},"s":{"0":2,"1":2,"2":8,"3":15,"4":15,"5":15,"6":15,"7":8,"8":8,"9":8,"10":8,"11":27,"12":27,"13":9,"14":27,"15":27,"16":9,"17":27,"18":10,"19":27,"20":6,"21":6,"22":0,"23":6,"24":6,"25":0,"26":6,"27":7},"f":{"0":8,"1":15,"2":27,"3":6,"4":7},"b":{"0":[8],"1":[8,0],"2":[9,18],"3":[9,18],"4":[10,17],"5":[27,18],"6":[0,6],"7":[0,6]},"_coverageSchema":"1a1c01bbd47fc00a2c39e90264f33305004495a9","hash":"9854486fadda7b6db979209cdaa639ae4ce630a5"}
,"D:\\lession_my\\vue3\\source\\vue-hand-coding1\\src\\reactivity\\reactive.js": {"path":"D:\\lession_my\\vue3\\source\\vue-hand-coding1\\src\\reactivity\\reactive.js","statementMap":{"0":{"start":{"line":7,"column":27},"end":{"line":7,"column":40}},"1":{"start":{"line":8,"column":34},"end":{"line":8,"column":47}},"2":{"start":{"line":9,"column":29},"end":{"line":12,"column":1}},"3":{"start":{"line":17,"column":4},"end":{"line":17,"column":69}},"4":{"start":{"line":21,"column":4},"end":{"line":24,"column":5}},"5":{"start":{"line":22,"column":8},"end":{"line":22,"column":50}},"6":{"start":{"line":23,"column":8},"end":{"line":23,"column":21}},"7":{"start":{"line":26,"column":26},"end":{"line":26,"column":46}},"8":{"start":{"line":27,"column":4},"end":{"line":29,"column":5}},"9":{"start":{"line":28,"column":8},"end":{"line":28,"column":28}},"10":{"start":{"line":32,"column":18},"end":{"line":32,"column":50}},"11":{"start":{"line":33,"column":4},"end":{"line":33,"column":31}},"12":{"start":{"line":34,"column":4},"end":{"line":34,"column":16}},"13":{"start":{"line":38,"column":4},"end":{"line":42,"column":5}}},"fnMap":{"0":{"name":"reactive","decl":{"start":{"line":14,"column":16},"end":{"line":14,"column":24}},"loc":{"start":{"line":14,"column":33},"end":{"line":18,"column":1}},"line":14},"1":{"name":"createReactiveObject","decl":{"start":{"line":20,"column":9},"end":{"line":20,"column":29}},"loc":{"start":{"line":20,"column":63},"end":{"line":35,"column":1}},"line":20},"2":{"name":"shallowReactive","decl":{"start":{"line":37,"column":16},"end":{"line":37,"column":31}},"loc":{"start":{"line":37,"column":40},"end":{"line":43,"column":1}},"line":37}},"branchMap":{"0":{"loc":{"start":{"line":21,"column":4},"end":{"line":24,"column":5}},"type":"if","locations":[{"start":{"line":21,"column":4},"end":{"line":24,"column":5}},{"start":{},"end":{}}],"line":21},"1":{"loc":{"start":{"line":27,"column":4},"end":{"line":29,"column":5}},"type":"if","locations":[{"start":{"line":27,"column":4},"end":{"line":29,"column":5}},{"start":{},"end":{}}],"line":27}},"s":{"0":2,"1":2,"2":2,"3":8,"4":10,"5":0,"6":0,"7":10,"8":10,"9":3,"10":7,"11":7,"12":7,"13":2},"f":{"0":8,"1":10,"2":2},"b":{"0":[0,10],"1":[3,7]},"_coverageSchema":"1a1c01bbd47fc00a2c39e90264f33305004495a9","hash":"5b7d0c1c62caaee3b83d33acff9465334d9ac103"}
,"D:\\lession_my\\vue3\\source\\vue-hand-coding1\\src\\reactivity\\ref.js": {"path":"D:\\lession_my\\vue3\\source\\vue-hand-coding1\\src\\reactivity\\ref.js","statementMap":{"0":{"start":{"line":6,"column":4},"end":{"line":8,"column":5}},"1":{"start":{"line":7,"column":8},"end":{"line":7,"column":18}},"2":{"start":{"line":10,"column":4},"end":{"line":10,"column":27}},"3":{"start":{"line":13,"column":4},"end":{"line":13,"column":33}},"4":{"start":{"line":19,"column":8},"end":{"line":19,"column":27}},"5":{"start":{"line":20,"column":8},"end":{"line":20,"column":32}},"6":{"start":{"line":23,"column":8},"end":{"line":23,"column":33}},"7":{"start":{"line":24,"column":8},"end":{"line":24,"column":24}},"8":{"start":{"line":27,"column":8},"end":{"line":30,"column":9}},"9":{"start":{"line":28,"column":12},"end":{"line":28,"column":36}},"10":{"start":{"line":29,"column":12},"end":{"line":29,"column":39}},"11":{"start":{"line":34,"column":4},"end":{"line":34,"column":46}}},"fnMap":{"0":{"name":"ref","decl":{"start":{"line":5,"column":16},"end":{"line":5,"column":19}},"loc":{"start":{"line":5,"column":24},"end":{"line":11,"column":1}},"line":5},"1":{"name":"isRef","decl":{"start":{"line":12,"column":16},"end":{"line":12,"column":21}},"loc":{"start":{"line":12,"column":27},"end":{"line":14,"column":1}},"line":12},"2":{"name":"(anonymous_2)","decl":{"start":{"line":17,"column":4},"end":{"line":17,"column":5}},"loc":{"start":{"line":17,"column":21},"end":{"line":21,"column":5}},"line":17},"3":{"name":"(anonymous_3)","decl":{"start":{"line":22,"column":4},"end":{"line":22,"column":5}},"loc":{"start":{"line":22,"column":16},"end":{"line":25,"column":5}},"line":22},"4":{"name":"(anonymous_4)","decl":{"start":{"line":26,"column":4},"end":{"line":26,"column":5}},"loc":{"start":{"line":26,"column":19},"end":{"line":31,"column":5}},"line":26},"5":{"name":"convert","decl":{"start":{"line":33,"column":9},"end":{"line":33,"column":16}},"loc":{"start":{"line":33,"column":22},"end":{"line":35,"column":1}},"line":33}},"branchMap":{"0":{"loc":{"start":{"line":6,"column":4},"end":{"line":8,"column":5}},"type":"if","locations":[{"start":{"line":6,"column":4},"end":{"line":8,"column":5}},{"start":{},"end":{}}],"line":6},"1":{"loc":{"start":{"line":13,"column":14},"end":{"line":13,"column":32}},"type":"binary-expr","locations":[{"start":{"line":13,"column":14},"end":{"line":13,"column":17}},{"start":{"line":13,"column":21},"end":{"line":13,"column":32}}],"line":13},"2":{"loc":{"start":{"line":27,"column":8},"end":{"line":30,"column":9}},"type":"if","locations":[{"start":{"line":27,"column":8},"end":{"line":30,"column":9}},{"start":{},"end":{}}],"line":27},"3":{"loc":{"start":{"line":34,"column":11},"end":{"line":34,"column":46}},"type":"cond-expr","locations":[{"start":{"line":34,"column":27},"end":{"line":34,"column":40}},{"start":{"line":34,"column":43},"end":{"line":34,"column":46}}],"line":34}},"s":{"0":2,"1":0,"2":2,"3":2,"4":2,"5":2,"6":6,"7":6,"8":1,"9":1,"10":1,"11":3},"f":{"0":2,"1":2,"2":2,"3":6,"4":1,"5":3},"b":{"0":[0,2],"1":[2,1],"2":[1,0],"3":[1,2]},"_coverageSchema":"1a1c01bbd47fc00a2c39e90264f33305004495a9","hash":"ea13e5ba199c12847ac451c23cfec189e90e0ee0"}
,"D:\\lession_my\\vue3\\source\\vue-hand-coding1\\src\\reactivity\\shared.js": {"path":"D:\\lession_my\\vue3\\source\\vue-hand-coding1\\src\\reactivity\\shared.js","statementMap":{"0":{"start":{"line":2,"column":4},"end":{"line":2,"column":50}}},"fnMap":{"0":{"name":"isObject","decl":{"start":{"line":1,"column":16},"end":{"line":1,"column":24}},"loc":{"start":{"line":1,"column":30},"end":{"line":3,"column":1}},"line":1}},"branchMap":{"0":{"loc":{"start":{"line":2,"column":11},"end":{"line":2,"column":50}},"type":"binary-expr","locations":[{"start":{"line":2,"column":11},"end":{"line":2,"column":34}},{"start":{"line":2,"column":38},"end":{"line":2,"column":50}}],"line":2}},"s":{"0":24},"f":{"0":24},"b":{"0":[24,6]},"_coverageSchema":"1a1c01bbd47fc00a2c39e90264f33305004495a9","hash":"3e6df54c9e1e872c9a5cf0f1e50172e64a0e1019"}
}
